<?xml version="1.0" encoding="utf-8"?>
<TestRun id="823f94ab-332a-4310-a519-8fe466acd2c7" name="imammami@CRKRL-IMAMMAMI1 2022-11-24 20:57:43" runUser="TL\imammami" xmlns="http://microsoft.com/schemas/VisualStudio/TeamTest/2010">
  <Times creation="2022-11-24T20:57:43.8095641+05:00" queuing="2022-11-24T20:57:43.8095641+05:00" start="2022-11-24T20:57:33.7213892+05:00" finish="2022-11-24T20:57:43.8803737+05:00" />
  <TestSettings name="default" id="d32e05c5-337e-47b5-a74f-55cd3240cabf">
    <Deployment runDeploymentRoot="imammami_CRKRL-IMAMMAMI1_2022-11-24_20_57_43" />
  </TestSettings>
  <Results>
    <UnitTestResult executionId="7c4df047-7ecd-4854-983e-075f631dbb3e" testId="9ffba31d-c62b-4884-a43e-9d9447dd068c" testName="TestMethod1" computerName="CRKRL-IMAMMAMI1" duration="00:00:08.9476112" startTime="2022-11-24T20:57:34.5980982+05:00" endTime="2022-11-24T20:57:43.5622604+05:00" testType="13cdc9d9-ddb5-4fa4-a97d-d965ccfc6d4b" outcome="Passed" testListId="8c84fa94-04c1-424b-9868-57a2d4851a1d" relativeResultsDirectory="7c4df047-7ecd-4854-983e-075f631dbb3e" />
  </Results>
  <TestDefinitions>
    <UnitTest name="TestMethod1" storage="c:\users\imammami\source\repos\playwright_bootcamp_001\playwright_bootcamp_001\bin\debug\net6.0\playwright_bootcamp_001.dll" id="9ffba31d-c62b-4884-a43e-9d9447dd068c">
      <TestCategory>
        <TestCategoryItem TestCategory="Login" />
      </TestCategory>
      <Execution id="7c4df047-7ecd-4854-983e-075f631dbb3e" />
      <TestMethod codeBase="C:\Users\imammami\source\repos\Playwright_BootCamp_001\Playwright_BootCamp_001\bin\Debug\net6.0\Playwright_BootCamp_001.dll" adapterTypeName="executor://mstestadapter/v2" className="Playwright_BootCamp_001.UnitTest1" name="TestMethod1" />
    </UnitTest>
  </TestDefinitions>
  <TestEntries>
    <TestEntry testId="9ffba31d-c62b-4884-a43e-9d9447dd068c" executionId="7c4df047-7ecd-4854-983e-075f631dbb3e" testListId="8c84fa94-04c1-424b-9868-57a2d4851a1d" />
  </TestEntries>
  <TestLists>
    <TestList name="Results Not in a List" id="8c84fa94-04c1-424b-9868-57a2d4851a1d" />
    <TestList name="All Loaded Results" id="19431567-8539-422a-85d7-44ee4e166bda" />
  </TestLists>
  <ResultSummary outcome="Completed">
    <Counters total="1" executed="1" passed="1" failed="0" error="0" timeout="0" aborted="0" inconclusive="0" passedButRunAborted="0" notRunnable="0" notExecuted="0" disconnected="0" warning="0" completed="0" inProgress="0" pending="0" />
  </ResultSummary>
</TestRun>